
Circuit 1 cell sky130_fd_pr__nfet_01v8 and Circuit 2 cell sky130_fd_pr__nfet_01v8 are black boxes.
Equate elements:  no current cell.
Device classes sky130_fd_pr__nfet_01v8 and sky130_fd_pr__nfet_01v8 are equivalent.

Circuit 1 cell sky130_fd_pr__pfet_01v8 and Circuit 2 cell sky130_fd_pr__pfet_01v8 are black boxes.
Equate elements:  no current cell.
Device classes sky130_fd_pr__pfet_01v8 and sky130_fd_pr__pfet_01v8 are equivalent.
Flattening unmatched subcell inverter in circuit buffer_xschem.spice (0)(2 instances)
Flattening unmatched subcell cmos in circuit buffer.spice (1)(2 instances)

Subcircuit summary:
Circuit 1: buffer_xschem.spice             |Circuit 2: buffer.spice                    
-------------------------------------------|-------------------------------------------
sky130_fd_pr__nfet_01v8 (2)                |sky130_fd_pr__nfet_01v8 (2)                
sky130_fd_pr__pfet_01v8 (2)                |sky130_fd_pr__pfet_01v8 (2)                
Number of devices: 4                       |Number of devices: 4                       
Number of nets: 5                          |Number of nets: 5                          
---------------------------------------------------------------------------------------
Netlists match uniquely.
Cells have no pins;  pin matching not needed.
Device classes buffer_xschem.spice and buffer.spice are equivalent.

Final result: Circuits match uniquely.
.
